------------------------------ [modulecode_PIL.BdfFontFile] ------------------------------

------------------------------ [modulecode_PIL.BlpImagePlugin] ------------------------------

------------------------------ [modulecode_PIL.BmpImagePlugin] ------------------------------

------------------------------ [modulecode_PIL.BufrStubImagePlugin] ------------------------------

------------------------------ [modulecode_PIL.ContainerIO] ------------------------------

------------------------------ [modulecode_PIL.CurImagePlugin] ------------------------------

------------------------------ [modulecode_PIL.DcxImagePlugin] ------------------------------

------------------------------ [modulecode_PIL.DdsImagePlugin] ------------------------------

------------------------------ [modulecode_PIL.EpsImagePlugin] ------------------------------

------------------------------ [modulecode_PIL.ExifTags] ------------------------------

------------------------------ [modulecode_PIL.FitsImagePlugin] ------------------------------

------------------------------ [modulecode_PIL.FliImagePlugin] ------------------------------

------------------------------ [modulecode_PIL.FontFile] ------------------------------

------------------------------ [modulecode_PIL.FpxImagePlugin] ------------------------------

------------------------------ [modulecode_PIL.FtexImagePlugin] ------------------------------

------------------------------ [modulecode_PIL.GbrImagePlugin] ------------------------------

------------------------------ [modulecode_PIL.GdImageFile] ------------------------------

------------------------------ [modulecode_PIL.GifImagePlugin] ------------------------------

------------------------------ [modulecode_PIL.GimpGradientFile] ------------------------------

------------------------------ [modulecode_PIL.GimpPaletteFile] ------------------------------

------------------------------ [modulecode_PIL.GribStubImagePlugin] ------------------------------

------------------------------ [modulecode_PIL.Hdf5StubImagePlugin] ------------------------------

------------------------------ [modulecode_PIL.IcnsImagePlugin] ------------------------------

------------------------------ [modulecode_PIL.IcoImagePlugin] ------------------------------

------------------------------ [modulecode_PIL.ImImagePlugin] ------------------------------

------------------------------ [modulecode_PIL.Image] ------------------------------

------------------------------ [modulecode_PIL.ImageChops] ------------------------------

------------------------------ [modulecode_PIL.ImageCms] ------------------------------

------------------------------ [modulecode_PIL.ImageColor] ------------------------------

------------------------------ [modulecode_PIL.ImageDraw] ------------------------------

------------------------------ [modulecode_PIL.ImageDraw2] ------------------------------

------------------------------ [modulecode_PIL.ImageEnhance] ------------------------------

------------------------------ [modulecode_PIL.ImageFile] ------------------------------

------------------------------ [modulecode_PIL.ImageFilter] ------------------------------

------------------------------ [modulecode_PIL.ImageFont] ------------------------------

------------------------------ [modulecode_PIL.ImageGrab] ------------------------------

------------------------------ [modulecode_PIL.ImageMath] ------------------------------

------------------------------ [modulecode_PIL.ImageMode] ------------------------------

------------------------------ [modulecode_PIL.ImageMorph] ------------------------------

------------------------------ [modulecode_PIL.ImageOps] ------------------------------

------------------------------ [modulecode_PIL.ImagePalette] ------------------------------

------------------------------ [modulecode_PIL.ImagePath] ------------------------------

------------------------------ [modulecode_PIL.ImageQt] ------------------------------

------------------------------ [modulecode_PIL.ImageSequence] ------------------------------

------------------------------ [modulecode_PIL.ImageShow] ------------------------------

------------------------------ [modulecode_PIL.ImageStat] ------------------------------

------------------------------ [modulecode_PIL.ImageTk] ------------------------------

------------------------------ [modulecode_PIL.ImageTransform] ------------------------------

------------------------------ [modulecode_PIL.ImageWin] ------------------------------

------------------------------ [modulecode_PIL.ImtImagePlugin] ------------------------------

------------------------------ [modulecode_PIL.IptcImagePlugin] ------------------------------

------------------------------ [modulecode_PIL.Jpeg2KImagePlugin] ------------------------------

------------------------------ [modulecode_PIL.JpegImagePlugin] ------------------------------

------------------------------ [modulecode_PIL.JpegPresets] ------------------------------

------------------------------ [modulecode_PIL.McIdasImagePlugin] ------------------------------

------------------------------ [modulecode_PIL.MicImagePlugin] ------------------------------

------------------------------ [modulecode_PIL.MpegImagePlugin] ------------------------------

------------------------------ [modulecode_PIL.MpoImagePlugin] ------------------------------

------------------------------ [modulecode_PIL.MspImagePlugin] ------------------------------

------------------------------ [modulecode_PIL.PSDraw] ------------------------------

------------------------------ [modulecode_PIL.PaletteFile] ------------------------------

------------------------------ [modulecode_PIL.PalmImagePlugin] ------------------------------

------------------------------ [modulecode_PIL.PcdImagePlugin] ------------------------------

------------------------------ [modulecode_PIL.PcfFontFile] ------------------------------

------------------------------ [modulecode_PIL.PcxImagePlugin] ------------------------------

------------------------------ [modulecode_PIL.PdfImagePlugin] ------------------------------

------------------------------ [modulecode_PIL.PdfParser] ------------------------------

------------------------------ [modulecode_PIL.PixarImagePlugin] ------------------------------

------------------------------ [modulecode_PIL.PngImagePlugin] ------------------------------

------------------------------ [modulecode_PIL.PpmImagePlugin] ------------------------------

------------------------------ [modulecode_PIL.PsdImagePlugin] ------------------------------

------------------------------ [modulecode_PIL.PyAccess] ------------------------------

------------------------------ [modulecode_PIL.QoiImagePlugin] ------------------------------

------------------------------ [modulecode_PIL.SgiImagePlugin] ------------------------------

------------------------------ [modulecode_PIL.SpiderImagePlugin] ------------------------------

------------------------------ [modulecode_PIL.SunImagePlugin] ------------------------------

------------------------------ [modulecode_PIL.TarIO] ------------------------------

------------------------------ [modulecode_PIL.TgaImagePlugin] ------------------------------

------------------------------ [modulecode_PIL.TiffImagePlugin] ------------------------------

------------------------------ [modulecode_PIL.TiffTags] ------------------------------

------------------------------ [modulecode_PIL.WalImageFile] ------------------------------

------------------------------ [modulecode_PIL.WebPImagePlugin] ------------------------------

------------------------------ [modulecode_PIL.WmfImagePlugin] ------------------------------

------------------------------ [modulecode_PIL.XVThumbImagePlugin] ------------------------------

------------------------------ [modulecode_PIL.XbmImagePlugin] ------------------------------

------------------------------ [modulecode_PIL.XpmImagePlugin] ------------------------------

------------------------------ [modulecode_PIL.__main__] ------------------------------

------------------------------ [modulecode_PIL._binary] ------------------------------

------------------------------ [modulecode_PIL._deprecate] ------------------------------

------------------------------ [modulecode_PIL._tkinter_finder] ------------------------------

------------------------------ [modulecode_PIL._typing] ------------------------------

------------------------------ [modulecode_PIL._util] ------------------------------

------------------------------ [modulecode_PIL._version] ------------------------------

------------------------------ [modulecode_PIL] ------------------------------

------------------------------ [modulecode_PIL.features] ------------------------------

------------------------------ [modulecode_PIL.report] ------------------------------

------------------------------ [modulecode_PyQt6] ------------------------------

------------------------------ [modulecode___main__] ------------------------------

------------------------------ [modulecode___parents_main__] ------------------------------

------------------------------ [modulecode_aioconsole.apython] ------------------------------

------------------------------ [modulecode_aioconsole] ------------------------------

------------------------------ [modulecode_aioconsole.command] ------------------------------

------------------------------ [modulecode_aioconsole.compat] ------------------------------

------------------------------ [modulecode_aioconsole.console] ------------------------------

------------------------------ [modulecode_aioconsole.events] ------------------------------

------------------------------ [modulecode_aioconsole.execute] ------------------------------

------------------------------ [modulecode_aioconsole.rlwrap] ------------------------------

------------------------------ [modulecode_aioconsole.server] ------------------------------

------------------------------ [modulecode_aioconsole.stream] ------------------------------

------------------------------ [modulecode_aiodns] ------------------------------

------------------------------ [modulecode_aiodns.error] ------------------------------

------------------------------ [modulecode_aiohappyeyeballs._staggered] ------------------------------

------------------------------ [modulecode_aiohappyeyeballs] ------------------------------

------------------------------ [modulecode_aiohappyeyeballs.impl] ------------------------------

------------------------------ [modulecode_aiohappyeyeballs.types] ------------------------------

------------------------------ [modulecode_aiohappyeyeballs.utils] ------------------------------

------------------------------ [modulecode_aiohttp._cookie_helpers] ------------------------------

------------------------------ [modulecode_aiohttp._websocket] ------------------------------

------------------------------ [modulecode_aiohttp._websocket.helpers] ------------------------------

------------------------------ [modulecode_aiohttp._websocket.models] ------------------------------

------------------------------ [modulecode_aiohttp._websocket.reader] ------------------------------

------------------------------ [modulecode_aiohttp._websocket.reader_c] ------------------------------

------------------------------ [modulecode_aiohttp._websocket.reader_py] ------------------------------

------------------------------ [modulecode_aiohttp._websocket.writer] ------------------------------

------------------------------ [modulecode_aiohttp.abc] ------------------------------

------------------------------ [modulecode_aiohttp.base_protocol] ------------------------------

------------------------------ [modulecode_aiohttp] ------------------------------

------------------------------ [modulecode_aiohttp.client] ------------------------------

------------------------------ [modulecode_aiohttp.client_exceptions] ------------------------------

------------------------------ [modulecode_aiohttp.client_middleware_digest_auth] ------------------------------

------------------------------ [modulecode_aiohttp.client_middlewares] ------------------------------

------------------------------ [modulecode_aiohttp.client_proto] ------------------------------

------------------------------ [modulecode_aiohttp.client_reqrep] ------------------------------

------------------------------ [modulecode_aiohttp.client_ws] ------------------------------

------------------------------ [modulecode_aiohttp.compression_utils] ------------------------------

------------------------------ [modulecode_aiohttp.connector] ------------------------------

------------------------------ [modulecode_aiohttp.cookiejar] ------------------------------

------------------------------ [modulecode_aiohttp.formdata] ------------------------------

------------------------------ [modulecode_aiohttp.hdrs] ------------------------------

------------------------------ [modulecode_aiohttp.helpers] ------------------------------

------------------------------ [modulecode_aiohttp.http] ------------------------------

------------------------------ [modulecode_aiohttp.http_exceptions] ------------------------------

------------------------------ [modulecode_aiohttp.http_parser] ------------------------------

------------------------------ [modulecode_aiohttp.http_websocket] ------------------------------

------------------------------ [modulecode_aiohttp.http_writer] ------------------------------

------------------------------ [modulecode_aiohttp.log] ------------------------------

------------------------------ [modulecode_aiohttp.multipart] ------------------------------

------------------------------ [modulecode_aiohttp.payload] ------------------------------

------------------------------ [modulecode_aiohttp.payload_streamer] ------------------------------

------------------------------ [modulecode_aiohttp.pytest_plugin] ------------------------------

------------------------------ [modulecode_aiohttp.resolver] ------------------------------

------------------------------ [modulecode_aiohttp.streams] ------------------------------

------------------------------ [modulecode_aiohttp.tcp_helpers] ------------------------------

------------------------------ [modulecode_aiohttp.test_utils] ------------------------------

------------------------------ [modulecode_aiohttp.tracing] ------------------------------

------------------------------ [modulecode_aiohttp.typedefs] ------------------------------

------------------------------ [modulecode_aiohttp.web] ------------------------------

------------------------------ [modulecode_aiohttp.web_app] ------------------------------

------------------------------ [modulecode_aiohttp.web_exceptions] ------------------------------

------------------------------ [modulecode_aiohttp.web_fileresponse] ------------------------------

------------------------------ [modulecode_aiohttp.web_log] ------------------------------

------------------------------ [modulecode_aiohttp.web_middlewares] ------------------------------

------------------------------ [modulecode_aiohttp.web_protocol] ------------------------------

------------------------------ [modulecode_aiohttp.web_request] ------------------------------

------------------------------ [modulecode_aiohttp.web_response] ------------------------------

------------------------------ [modulecode_aiohttp.web_routedef] ------------------------------

------------------------------ [modulecode_aiohttp.web_runner] ------------------------------

------------------------------ [modulecode_aiohttp.web_server] ------------------------------

------------------------------ [modulecode_aiohttp.web_urldispatcher] ------------------------------

------------------------------ [modulecode_aiohttp.web_ws] ------------------------------

------------------------------ [modulecode_aiohttp.worker] ------------------------------

------------------------------ [modulecode_aiosignal] ------------------------------

------------------------------ [modulecode_async_timeout] ------------------------------

------------------------------ [modulecode_attr._cmp] ------------------------------

------------------------------ [modulecode_attr._compat] ------------------------------

------------------------------ [modulecode_attr._config] ------------------------------

------------------------------ [modulecode_attr._funcs] ------------------------------

------------------------------ [modulecode_attr._make] ------------------------------

------------------------------ [modulecode_attr._next_gen] ------------------------------

------------------------------ [modulecode_attr._version_info] ------------------------------

------------------------------ [modulecode_attr] ------------------------------

------------------------------ [modulecode_attr.converters] ------------------------------

------------------------------ [modulecode_attr.exceptions] ------------------------------

------------------------------ [modulecode_attr.filters] ------------------------------

------------------------------ [modulecode_attr.setters] ------------------------------

------------------------------ [modulecode_attr.validators] ------------------------------

------------------------------ [modulecode_backports] ------------------------------

------------------------------ [modulecode_bcrypt] ------------------------------

------------------------------ [modulecode_boto3] ------------------------------

------------------------------ [modulecode_boto3.compat] ------------------------------

------------------------------ [modulecode_boto3.crt] ------------------------------

------------------------------ [modulecode_boto3.docs.action] ------------------------------

------------------------------ [modulecode_boto3.docs.attr] ------------------------------

------------------------------ [modulecode_boto3.docs.base] ------------------------------

------------------------------ [modulecode_boto3.docs] ------------------------------

------------------------------ [modulecode_boto3.docs.client] ------------------------------

------------------------------ [modulecode_boto3.docs.collection] ------------------------------

------------------------------ [modulecode_boto3.docs.docstring] ------------------------------

------------------------------ [modulecode_boto3.docs.method] ------------------------------

------------------------------ [modulecode_boto3.docs.resource] ------------------------------

------------------------------ [modulecode_boto3.docs.service] ------------------------------

------------------------------ [modulecode_boto3.docs.subresource] ------------------------------

------------------------------ [modulecode_boto3.docs.utils] ------------------------------

------------------------------ [modulecode_boto3.docs.waiter] ------------------------------

------------------------------ [modulecode_boto3.dynamodb] ------------------------------

------------------------------ [modulecode_boto3.ec2] ------------------------------

------------------------------ [modulecode_boto3.ec2.createtags] ------------------------------

------------------------------ [modulecode_boto3.ec2.deletetags] ------------------------------

------------------------------ [modulecode_boto3.exceptions] ------------------------------

------------------------------ [modulecode_boto3.resources.action] ------------------------------

------------------------------ [modulecode_boto3.resources.base] ------------------------------

------------------------------ [modulecode_boto3.resources] ------------------------------

------------------------------ [modulecode_boto3.resources.collection] ------------------------------

------------------------------ [modulecode_boto3.resources.factory] ------------------------------

------------------------------ [modulecode_boto3.resources.model] ------------------------------

------------------------------ [modulecode_boto3.resources.params] ------------------------------

------------------------------ [modulecode_boto3.resources.response] ------------------------------

------------------------------ [modulecode_boto3.s3] ------------------------------

------------------------------ [modulecode_boto3.s3.constants] ------------------------------

------------------------------ [modulecode_boto3.s3.inject] ------------------------------

------------------------------ [modulecode_boto3.s3.transfer] ------------------------------

------------------------------ [modulecode_boto3.session] ------------------------------

------------------------------ [modulecode_boto3.utils] ------------------------------

------------------------------ [modulecode_botocore.args] ------------------------------

------------------------------ [modulecode_botocore.auth] ------------------------------

------------------------------ [modulecode_botocore.awsrequest] ------------------------------

------------------------------ [modulecode_botocore] ------------------------------

------------------------------ [modulecode_botocore.client] ------------------------------

------------------------------ [modulecode_botocore.compat] ------------------------------

------------------------------ [modulecode_botocore.compress] ------------------------------

------------------------------ [modulecode_botocore.config] ------------------------------

------------------------------ [modulecode_botocore.configloader] ------------------------------

------------------------------ [modulecode_botocore.configprovider] ------------------------------

------------------------------ [modulecode_botocore.context] ------------------------------

------------------------------ [modulecode_botocore.credentials] ------------------------------

------------------------------ [modulecode_botocore.crt.auth] ------------------------------

------------------------------ [modulecode_botocore.crt] ------------------------------

------------------------------ [modulecode_botocore.discovery] ------------------------------

------------------------------ [modulecode_botocore.docs.bcdoc] ------------------------------

------------------------------ [modulecode_botocore.docs.bcdoc.docstringparser] ------------------------------

------------------------------ [modulecode_botocore.docs.bcdoc.restdoc] ------------------------------

------------------------------ [modulecode_botocore.docs.bcdoc.style] ------------------------------

------------------------------ [modulecode_botocore.docs] ------------------------------

------------------------------ [modulecode_botocore.docs.client] ------------------------------

------------------------------ [modulecode_botocore.docs.docstring] ------------------------------

------------------------------ [modulecode_botocore.docs.example] ------------------------------

------------------------------ [modulecode_botocore.docs.method] ------------------------------

------------------------------ [modulecode_botocore.docs.paginator] ------------------------------

------------------------------ [modulecode_botocore.docs.params] ------------------------------

------------------------------ [modulecode_botocore.docs.service] ------------------------------

------------------------------ [modulecode_botocore.docs.shape] ------------------------------

------------------------------ [modulecode_botocore.docs.sharedexample] ------------------------------

------------------------------ [modulecode_botocore.docs.utils] ------------------------------

------------------------------ [modulecode_botocore.docs.waiter] ------------------------------

------------------------------ [modulecode_botocore.endpoint] ------------------------------

------------------------------ [modulecode_botocore.endpoint_provider] ------------------------------

------------------------------ [modulecode_botocore.errorfactory] ------------------------------

------------------------------ [modulecode_botocore.eventstream] ------------------------------

------------------------------ [modulecode_botocore.exceptions] ------------------------------

------------------------------ [modulecode_botocore.handlers] ------------------------------

------------------------------ [modulecode_botocore.history] ------------------------------

------------------------------ [modulecode_botocore.hooks] ------------------------------

------------------------------ [modulecode_botocore.httpchecksum] ------------------------------

------------------------------ [modulecode_botocore.httpsession] ------------------------------

------------------------------ [modulecode_botocore.loaders] ------------------------------

------------------------------ [modulecode_botocore.model] ------------------------------

------------------------------ [modulecode_botocore.monitoring] ------------------------------

------------------------------ [modulecode_botocore.paginate] ------------------------------

------------------------------ [modulecode_botocore.parsers] ------------------------------

------------------------------ [modulecode_botocore.plugin] ------------------------------

------------------------------ [modulecode_botocore.regions] ------------------------------

------------------------------ [modulecode_botocore.response] ------------------------------

------------------------------ [modulecode_botocore.retries.adaptive] ------------------------------

------------------------------ [modulecode_botocore.retries.base] ------------------------------

------------------------------ [modulecode_botocore.retries.bucket] ------------------------------

------------------------------ [modulecode_botocore.retries] ------------------------------

------------------------------ [modulecode_botocore.retries.quota] ------------------------------

------------------------------ [modulecode_botocore.retries.special] ------------------------------

------------------------------ [modulecode_botocore.retries.standard] ------------------------------

------------------------------ [modulecode_botocore.retries.throttling] ------------------------------

------------------------------ [modulecode_botocore.retryhandler] ------------------------------

------------------------------ [modulecode_botocore.serialize] ------------------------------

------------------------------ [modulecode_botocore.session] ------------------------------

------------------------------ [modulecode_botocore.signers] ------------------------------

------------------------------ [modulecode_botocore.tokens] ------------------------------

------------------------------ [modulecode_botocore.translate] ------------------------------

------------------------------ [modulecode_botocore.useragent] ------------------------------

------------------------------ [modulecode_botocore.utils] ------------------------------

------------------------------ [modulecode_botocore.validate] ------------------------------

------------------------------ [modulecode_botocore.vendored] ------------------------------

------------------------------ [modulecode_botocore.vendored.requests] ------------------------------

------------------------------ [modulecode_botocore.vendored.requests.exceptions] ------------------------------

------------------------------ [modulecode_botocore.vendored.requests.packages] ------------------------------

------------------------------ [modulecode_botocore.vendored.requests.packages.urllib3] ------------------------------

------------------------------ [modulecode_botocore.vendored.requests.packages.urllib3.exceptions] ------------------------------

------------------------------ [modulecode_botocore.vendored.six] ------------------------------

------------------------------ [modulecode_botocore.waiter] ------------------------------

------------------------------ [modulecode_caseus.__main__] ------------------------------

------------------------------ [modulecode_caseus] ------------------------------

------------------------------ [modulecode_caseus.clients] ------------------------------

------------------------------ [modulecode_caseus.clients.client] ------------------------------

------------------------------ [modulecode_caseus.clients.debug] ------------------------------

------------------------------ [modulecode_caseus.clients.util] ------------------------------

------------------------------ [modulecode_caseus.enums] ------------------------------

------------------------------ [modulecode_caseus.game.anchor] ------------------------------

------------------------------ [modulecode_caseus.game] ------------------------------

------------------------------ [modulecode_caseus.game.room] ------------------------------

------------------------------ [modulecode_caseus.game.translator] ------------------------------

------------------------------ [modulecode_caseus.game.util] ------------------------------

------------------------------ [modulecode_caseus.packets] ------------------------------

------------------------------ [modulecode_caseus.packets.clientbound] ------------------------------

------------------------------ [modulecode_caseus.packets.clientbound.legacy] ------------------------------

------------------------------ [modulecode_caseus.packets.clientbound.main] ------------------------------

------------------------------ [modulecode_caseus.packets.clientbound.tribulle] ------------------------------

------------------------------ [modulecode_caseus.packets.common] ------------------------------

------------------------------ [modulecode_caseus.packets.packet] ------------------------------

------------------------------ [modulecode_caseus.packets.serverbound] ------------------------------

------------------------------ [modulecode_caseus.packets.serverbound.extension] ------------------------------

------------------------------ [modulecode_caseus.packets.serverbound.legacy] ------------------------------

------------------------------ [modulecode_caseus.packets.serverbound.main] ------------------------------

------------------------------ [modulecode_caseus.packets.serverbound.tribulle] ------------------------------

------------------------------ [modulecode_caseus.proxies] ------------------------------

------------------------------ [modulecode_caseus.proxies.debug] ------------------------------

------------------------------ [modulecode_caseus.proxies.input] ------------------------------

------------------------------ [modulecode_caseus.proxies.proxy] ------------------------------

------------------------------ [modulecode_caseus.secrets] ------------------------------

------------------------------ [modulecode_caseus.servers] ------------------------------

------------------------------ [modulecode_caseus.servers.debug] ------------------------------

------------------------------ [modulecode_caseus.servers.server] ------------------------------

------------------------------ [modulecode_caseus.sniffers] ------------------------------

------------------------------ [modulecode_caseus.sniffers.debug] ------------------------------

------------------------------ [modulecode_caseus.sniffers.sniffer] ------------------------------

------------------------------ [modulecode_caseus.types.bot_role] ------------------------------

------------------------------ [modulecode_caseus.types] ------------------------------

------------------------------ [modulecode_caseus.types.numeric] ------------------------------

------------------------------ [modulecode_caseus.types.string] ------------------------------

------------------------------ [modulecode_caseus.util] ------------------------------

------------------------------ [modulecode_caseus.util.crypto] ------------------------------

------------------------------ [modulecode_certifi] ------------------------------

------------------------------ [modulecode_certifi.core] ------------------------------

------------------------------ [modulecode_cffi._imp_emulation] ------------------------------

------------------------------ [modulecode_cffi.api] ------------------------------

------------------------------ [modulecode_cffi] ------------------------------

------------------------------ [modulecode_cffi.commontypes] ------------------------------

------------------------------ [modulecode_cffi.cparser] ------------------------------

------------------------------ [modulecode_cffi.error] ------------------------------

------------------------------ [modulecode_cffi.ffiplatform] ------------------------------

------------------------------ [modulecode_cffi.lock] ------------------------------

------------------------------ [modulecode_cffi.model] ------------------------------

------------------------------ [modulecode_cffi.pkgconfig] ------------------------------

------------------------------ [modulecode_cffi.vengine_cpy] ------------------------------

------------------------------ [modulecode_cffi.vengine_gen] ------------------------------

------------------------------ [modulecode_cffi.verifier] ------------------------------

------------------------------ [modulecode_chardet.big5freq] ------------------------------

------------------------------ [modulecode_chardet.big5prober] ------------------------------

------------------------------ [modulecode_chardet] ------------------------------

------------------------------ [modulecode_chardet.chardistribution] ------------------------------

------------------------------ [modulecode_chardet.charsetgroupprober] ------------------------------

------------------------------ [modulecode_chardet.charsetprober] ------------------------------

------------------------------ [modulecode_chardet.codingstatemachine] ------------------------------

------------------------------ [modulecode_chardet.cp949prober] ------------------------------

------------------------------ [modulecode_chardet.enums] ------------------------------

------------------------------ [modulecode_chardet.escprober] ------------------------------

------------------------------ [modulecode_chardet.escsm] ------------------------------

------------------------------ [modulecode_chardet.eucjpprober] ------------------------------

------------------------------ [modulecode_chardet.euckrfreq] ------------------------------

------------------------------ [modulecode_chardet.euckrprober] ------------------------------

------------------------------ [modulecode_chardet.euctwfreq] ------------------------------

------------------------------ [modulecode_chardet.euctwprober] ------------------------------

------------------------------ [modulecode_chardet.gb2312freq] ------------------------------

------------------------------ [modulecode_chardet.gb2312prober] ------------------------------

------------------------------ [modulecode_chardet.hebrewprober] ------------------------------

------------------------------ [modulecode_chardet.jisfreq] ------------------------------

------------------------------ [modulecode_chardet.jpcntx] ------------------------------

------------------------------ [modulecode_chardet.langbulgarianmodel] ------------------------------

------------------------------ [modulecode_chardet.langgreekmodel] ------------------------------

------------------------------ [modulecode_chardet.langhebrewmodel] ------------------------------

------------------------------ [modulecode_chardet.langrussianmodel] ------------------------------

------------------------------ [modulecode_chardet.langthaimodel] ------------------------------

------------------------------ [modulecode_chardet.langturkishmodel] ------------------------------

------------------------------ [modulecode_chardet.latin1prober] ------------------------------

------------------------------ [modulecode_chardet.mbcharsetprober] ------------------------------

------------------------------ [modulecode_chardet.mbcsgroupprober] ------------------------------

------------------------------ [modulecode_chardet.mbcssm] ------------------------------

------------------------------ [modulecode_chardet.sbcharsetprober] ------------------------------

------------------------------ [modulecode_chardet.sbcsgroupprober] ------------------------------

------------------------------ [modulecode_chardet.sjisprober] ------------------------------

------------------------------ [modulecode_chardet.universaldetector] ------------------------------

------------------------------ [modulecode_chardet.utf8prober] ------------------------------

------------------------------ [modulecode_chardet.version] ------------------------------

------------------------------ [modulecode_charset_normalizer.api] ------------------------------

------------------------------ [modulecode_charset_normalizer] ------------------------------

------------------------------ [modulecode_charset_normalizer.cd] ------------------------------

------------------------------ [modulecode_charset_normalizer.constant] ------------------------------

------------------------------ [modulecode_charset_normalizer.legacy] ------------------------------

------------------------------ [modulecode_charset_normalizer.models] ------------------------------

------------------------------ [modulecode_charset_normalizer.utils] ------------------------------

------------------------------ [modulecode_charset_normalizer.version] ------------------------------

------------------------------ [modulecode_clr] ------------------------------

------------------------------ [modulecode_clr_loader] ------------------------------

------------------------------ [modulecode_clr_loader.ffi] ------------------------------

------------------------------ [modulecode_clr_loader.ffi.hostfxr] ------------------------------

------------------------------ [modulecode_clr_loader.ffi.mono] ------------------------------

------------------------------ [modulecode_clr_loader.ffi.netfx] ------------------------------

------------------------------ [modulecode_clr_loader.hostfxr] ------------------------------

------------------------------ [modulecode_clr_loader.mono] ------------------------------

------------------------------ [modulecode_clr_loader.netfx] ------------------------------

------------------------------ [modulecode_clr_loader.types] ------------------------------

------------------------------ [modulecode_clr_loader.util] ------------------------------

------------------------------ [modulecode_clr_loader.util.clr_error] ------------------------------

------------------------------ [modulecode_clr_loader.util.coreclr_errors] ------------------------------

------------------------------ [modulecode_clr_loader.util.find] ------------------------------

------------------------------ [modulecode_clr_loader.util.hostfxr_errors] ------------------------------

------------------------------ [modulecode_clr_loader.util.runtime_spec] ------------------------------

------------------------------ [modulecode_cryptography.__about__] ------------------------------

------------------------------ [modulecode_cryptography] ------------------------------

------------------------------ [modulecode_cryptography.exceptions] ------------------------------

------------------------------ [modulecode_cryptography.fernet] ------------------------------

------------------------------ [modulecode_cryptography.hazmat._oid] ------------------------------

------------------------------ [modulecode_cryptography.hazmat.asn1.asn1] ------------------------------

------------------------------ [modulecode_cryptography.hazmat.asn1] ------------------------------

------------------------------ [modulecode_cryptography.hazmat.backends] ------------------------------

------------------------------ [modulecode_cryptography.hazmat.backends.openssl.backend] ------------------------------

------------------------------ [modulecode_cryptography.hazmat.backends.openssl] ------------------------------

------------------------------ [modulecode_cryptography.hazmat.bindings] ------------------------------

------------------------------ [modulecode_cryptography.hazmat.bindings.openssl._conditional] ------------------------------

------------------------------ [modulecode_cryptography.hazmat.bindings.openssl.binding] ------------------------------

------------------------------ [modulecode_cryptography.hazmat.bindings.openssl] ------------------------------

------------------------------ [modulecode_cryptography.hazmat] ------------------------------

------------------------------ [modulecode_cryptography.hazmat.decrepit] ------------------------------

------------------------------ [modulecode_cryptography.hazmat.decrepit.ciphers.algorithms] ------------------------------

------------------------------ [modulecode_cryptography.hazmat.decrepit.ciphers] ------------------------------

------------------------------ [modulecode_cryptography.hazmat.primitives._asymmetric] ------------------------------

------------------------------ [modulecode_cryptography.hazmat.primitives._cipheralgorithm] ------------------------------

------------------------------ [modulecode_cryptography.hazmat.primitives._serialization] ------------------------------

------------------------------ [modulecode_cryptography.hazmat.primitives.asymmetric] ------------------------------

------------------------------ [modulecode_cryptography.hazmat.primitives.asymmetric.dh] ------------------------------

------------------------------ [modulecode_cryptography.hazmat.primitives.asymmetric.dsa] ------------------------------

------------------------------ [modulecode_cryptography.hazmat.primitives.asymmetric.ec] ------------------------------

------------------------------ [modulecode_cryptography.hazmat.primitives.asymmetric.ed25519] ------------------------------

------------------------------ [modulecode_cryptography.hazmat.primitives.asymmetric.ed448] ------------------------------

------------------------------ [modulecode_cryptography.hazmat.primitives.asymmetric.padding] ------------------------------

------------------------------ [modulecode_cryptography.hazmat.primitives.asymmetric.rsa] ------------------------------

------------------------------ [modulecode_cryptography.hazmat.primitives.asymmetric.types] ------------------------------

------------------------------ [modulecode_cryptography.hazmat.primitives.asymmetric.utils] ------------------------------

------------------------------ [modulecode_cryptography.hazmat.primitives.asymmetric.x25519] ------------------------------

------------------------------ [modulecode_cryptography.hazmat.primitives.asymmetric.x448] ------------------------------

------------------------------ [modulecode_cryptography.hazmat.primitives] ------------------------------

------------------------------ [modulecode_cryptography.hazmat.primitives.ciphers.aead] ------------------------------

------------------------------ [modulecode_cryptography.hazmat.primitives.ciphers.algorithms] ------------------------------

------------------------------ [modulecode_cryptography.hazmat.primitives.ciphers.base] ------------------------------

------------------------------ [modulecode_cryptography.hazmat.primitives.ciphers] ------------------------------

------------------------------ [modulecode_cryptography.hazmat.primitives.ciphers.modes] ------------------------------

------------------------------ [modulecode_cryptography.hazmat.primitives.cmac] ------------------------------

------------------------------ [modulecode_cryptography.hazmat.primitives.constant_time] ------------------------------

------------------------------ [modulecode_cryptography.hazmat.primitives.hashes] ------------------------------

------------------------------ [modulecode_cryptography.hazmat.primitives.hmac] ------------------------------

------------------------------ [modulecode_cryptography.hazmat.primitives.kdf.argon2] ------------------------------

------------------------------ [modulecode_cryptography.hazmat.primitives.kdf] ------------------------------

------------------------------ [modulecode_cryptography.hazmat.primitives.kdf.concatkdf] ------------------------------

------------------------------ [modulecode_cryptography.hazmat.primitives.kdf.hkdf] ------------------------------

------------------------------ [modulecode_cryptography.hazmat.primitives.kdf.kbkdf] ------------------------------

------------------------------ [modulecode_cryptography.hazmat.primitives.kdf.pbkdf2] ------------------------------

------------------------------ [modulecode_cryptography.hazmat.primitives.kdf.scrypt] ------------------------------

------------------------------ [modulecode_cryptography.hazmat.primitives.kdf.x963kdf] ------------------------------

------------------------------ [modulecode_cryptography.hazmat.primitives.keywrap] ------------------------------

------------------------------ [modulecode_cryptography.hazmat.primitives.padding] ------------------------------

------------------------------ [modulecode_cryptography.hazmat.primitives.poly1305] ------------------------------

------------------------------ [modulecode_cryptography.hazmat.primitives.serialization.base] ------------------------------

------------------------------ [modulecode_cryptography.hazmat.primitives.serialization] ------------------------------

------------------------------ [modulecode_cryptography.hazmat.primitives.serialization.pkcs12] ------------------------------

------------------------------ [modulecode_cryptography.hazmat.primitives.serialization.pkcs7] ------------------------------

------------------------------ [modulecode_cryptography.hazmat.primitives.serialization.ssh] ------------------------------

------------------------------ [modulecode_cryptography.hazmat.primitives.twofactor] ------------------------------

------------------------------ [modulecode_cryptography.hazmat.primitives.twofactor.hotp] ------------------------------

------------------------------ [modulecode_cryptography.hazmat.primitives.twofactor.totp] ------------------------------

------------------------------ [modulecode_cryptography.utils] ------------------------------

------------------------------ [modulecode_cryptography.x509.base] ------------------------------

------------------------------ [modulecode_cryptography.x509] ------------------------------

------------------------------ [modulecode_cryptography.x509.certificate_transparency] ------------------------------

------------------------------ [modulecode_cryptography.x509.extensions] ------------------------------

------------------------------ [modulecode_cryptography.x509.general_name] ------------------------------

------------------------------ [modulecode_cryptography.x509.name] ------------------------------

------------------------------ [modulecode_cryptography.x509.ocsp] ------------------------------

------------------------------ [modulecode_cryptography.x509.oid] ------------------------------

------------------------------ [modulecode_cryptography.x509.verification] ------------------------------

------------------------------ [modulecode_dateutil._common] ------------------------------

------------------------------ [modulecode_dateutil._version] ------------------------------

------------------------------ [modulecode_dateutil] ------------------------------

------------------------------ [modulecode_dateutil.easter] ------------------------------

------------------------------ [modulecode_dateutil.parser._parser] ------------------------------

------------------------------ [modulecode_dateutil.parser] ------------------------------

------------------------------ [modulecode_dateutil.parser.isoparser] ------------------------------

------------------------------ [modulecode_dateutil.relativedelta] ------------------------------

------------------------------ [modulecode_dateutil.rrule] ------------------------------

------------------------------ [modulecode_dateutil.tz._common] ------------------------------

------------------------------ [modulecode_dateutil.tz._factories] ------------------------------

------------------------------ [modulecode_dateutil.tz] ------------------------------

------------------------------ [modulecode_dateutil.tz.tz] ------------------------------

------------------------------ [modulecode_dateutil.tz.win] ------------------------------

------------------------------ [modulecode_dateutil.zoneinfo] ------------------------------

------------------------------ [modulecode_dotenv] ------------------------------

------------------------------ [modulecode_dotenv.main] ------------------------------

------------------------------ [modulecode_dotenv.parser] ------------------------------

------------------------------ [modulecode_dotenv.variables] ------------------------------

------------------------------ [modulecode_fixedint.aliases] ------------------------------

------------------------------ [modulecode_fixedint.base] ------------------------------

------------------------------ [modulecode_fixedint] ------------------------------

------------------------------ [modulecode_fixedint.compat] ------------------------------

------------------------------ [modulecode_fixedint.test_fixedint] ------------------------------

------------------------------ [modulecode_fixedint.util] ------------------------------

------------------------------ [modulecode_frozenlist] ------------------------------

------------------------------ [modulecode_gunicorn] ------------------------------

------------------------------ [modulecode_gunicorn.config] ------------------------------

------------------------------ [modulecode_gunicorn.errors] ------------------------------

------------------------------ [modulecode_gunicorn.http.body] ------------------------------

------------------------------ [modulecode_gunicorn.http] ------------------------------

------------------------------ [modulecode_gunicorn.http.errors] ------------------------------

------------------------------ [modulecode_gunicorn.http.message] ------------------------------

------------------------------ [modulecode_gunicorn.http.parser] ------------------------------

------------------------------ [modulecode_gunicorn.http.unreader] ------------------------------

------------------------------ [modulecode_gunicorn.http.wsgi] ------------------------------

------------------------------ [modulecode_gunicorn.reloader] ------------------------------

------------------------------ [modulecode_gunicorn.util] ------------------------------

------------------------------ [modulecode_gunicorn.workers.base] ------------------------------

------------------------------ [modulecode_gunicorn.workers] ------------------------------

------------------------------ [modulecode_gunicorn.workers.workertmp] ------------------------------

------------------------------ [modulecode_idna] ------------------------------

------------------------------ [modulecode_idna.core] ------------------------------

------------------------------ [modulecode_idna.idnadata] ------------------------------

------------------------------ [modulecode_idna.intranges] ------------------------------

------------------------------ [modulecode_idna.package_data] ------------------------------

------------------------------ [modulecode_idna.uts46data] ------------------------------

------------------------------ [modulecode_jmespath.ast] ------------------------------

------------------------------ [modulecode_jmespath] ------------------------------

------------------------------ [modulecode_jmespath.compat] ------------------------------

------------------------------ [modulecode_jmespath.exceptions] ------------------------------

------------------------------ [modulecode_jmespath.functions] ------------------------------

------------------------------ [modulecode_jmespath.lexer] ------------------------------

------------------------------ [modulecode_jmespath.parser] ------------------------------

------------------------------ [modulecode_jmespath.visitor] ------------------------------

------------------------------ [modulecode_multidict._abc] ------------------------------

------------------------------ [modulecode_multidict._compat] ------------------------------

------------------------------ [modulecode_multidict._multidict_py] ------------------------------

------------------------------ [modulecode_multidict] ------------------------------

------------------------------ [modulecode_multiprocessing_postLoad] ------------------------------

------------------------------ [modulecode_multiprocessing_preLoad] ------------------------------

------------------------------ [modulecode_pak.bit_field] ------------------------------

------------------------------ [modulecode_pak] ------------------------------

------------------------------ [modulecode_pak.dyn_value] ------------------------------

------------------------------ [modulecode_pak.io] ------------------------------

------------------------------ [modulecode_pak.io.connection] ------------------------------

------------------------------ [modulecode_pak.io.streams] ------------------------------

------------------------------ [modulecode_pak.packets.aligned_packet] ------------------------------

------------------------------ [modulecode_pak.packets] ------------------------------

------------------------------ [modulecode_pak.packets.packet] ------------------------------

------------------------------ [modulecode_pak.packets.packet_handler] ------------------------------

------------------------------ [modulecode_pak.packets.subpacket] ------------------------------

------------------------------ [modulecode_pak.test] ------------------------------

------------------------------ [modulecode_pak.types.array] ------------------------------

------------------------------ [modulecode_pak.types] ------------------------------

------------------------------ [modulecode_pak.types.default] ------------------------------

------------------------------ [modulecode_pak.types.deferring] ------------------------------

------------------------------ [modulecode_pak.types.enum] ------------------------------

------------------------------ [modulecode_pak.types.misc] ------------------------------

------------------------------ [modulecode_pak.types.numeric] ------------------------------

------------------------------ [modulecode_pak.types.optional] ------------------------------

------------------------------ [modulecode_pak.types.string] ------------------------------

------------------------------ [modulecode_pak.types.type] ------------------------------

------------------------------ [modulecode_pak.util.aio] ------------------------------

------------------------------ [modulecode_pak.util.bits] ------------------------------

------------------------------ [modulecode_pak.util] ------------------------------

------------------------------ [modulecode_pak.util.decorators] ------------------------------

------------------------------ [modulecode_pak.util.exceptions] ------------------------------

------------------------------ [modulecode_pak.util.inspection] ------------------------------

------------------------------ [modulecode_pak.util.interfaces] ------------------------------

------------------------------ [modulecode_pak.util.misc] ------------------------------

------------------------------ [modulecode_propcache._helpers] ------------------------------

------------------------------ [modulecode_propcache._helpers_py] ------------------------------

------------------------------ [modulecode_propcache.api] ------------------------------

------------------------------ [modulecode_propcache] ------------------------------

------------------------------ [modulecode_public] ------------------------------

------------------------------ [modulecode_public.modules] ------------------------------

------------------------------ [modulecode_public.private] ------------------------------

------------------------------ [modulecode_public.public] ------------------------------

------------------------------ [modulecode_public.types] ------------------------------

------------------------------ [modulecode_pycares._version] ------------------------------

------------------------------ [modulecode_pycares] ------------------------------

------------------------------ [modulecode_pycares.errno] ------------------------------

------------------------------ [modulecode_pycares.utils] ------------------------------

------------------------------ [modulecode_pyreadline3] ------------------------------

------------------------------ [modulecode_pyreadline3.clipboard.api] ------------------------------

------------------------------ [modulecode_pyreadline3.clipboard] ------------------------------

------------------------------ [modulecode_pyreadline3.clipboard.get_clipboard_text_and_convert] ------------------------------

------------------------------ [modulecode_pyreadline3.clipboard.ironpython_clipboard] ------------------------------

------------------------------ [modulecode_pyreadline3.clipboard.no_clipboard] ------------------------------

------------------------------ [modulecode_pyreadline3.clipboard.win32_clipboard] ------------------------------

------------------------------ [modulecode_pyreadline3.console.ansi] ------------------------------

------------------------------ [modulecode_pyreadline3.console] ------------------------------

------------------------------ [modulecode_pyreadline3.console.console] ------------------------------

------------------------------ [modulecode_pyreadline3.console.event] ------------------------------

------------------------------ [modulecode_pyreadline3.console.ironpython_console] ------------------------------

------------------------------ [modulecode_pyreadline3.error] ------------------------------

------------------------------ [modulecode_pyreadline3.keysyms] ------------------------------

------------------------------ [modulecode_pyreadline3.keysyms.common] ------------------------------

------------------------------ [modulecode_pyreadline3.keysyms.ironpython_keysyms] ------------------------------

------------------------------ [modulecode_pyreadline3.keysyms.keysyms] ------------------------------

------------------------------ [modulecode_pyreadline3.keysyms.winconstants] ------------------------------

------------------------------ [modulecode_pyreadline3.lineeditor] ------------------------------

------------------------------ [modulecode_pyreadline3.lineeditor.history] ------------------------------

------------------------------ [modulecode_pyreadline3.lineeditor.lineobj] ------------------------------

------------------------------ [modulecode_pyreadline3.lineeditor.wordmatcher] ------------------------------

------------------------------ [modulecode_pyreadline3.logger] ------------------------------

------------------------------ [modulecode_pyreadline3.logger.control] ------------------------------

------------------------------ [modulecode_pyreadline3.logger.log] ------------------------------

------------------------------ [modulecode_pyreadline3.logger.logger] ------------------------------

------------------------------ [modulecode_pyreadline3.logger.null_handler] ------------------------------

------------------------------ [modulecode_pyreadline3.logger.socket_stream] ------------------------------

------------------------------ [modulecode_pyreadline3.modes.basemode] ------------------------------

------------------------------ [modulecode_pyreadline3.modes] ------------------------------

------------------------------ [modulecode_pyreadline3.modes.emacs] ------------------------------

------------------------------ [modulecode_pyreadline3.modes.notemacs] ------------------------------

------------------------------ [modulecode_pyreadline3.modes.vi] ------------------------------

------------------------------ [modulecode_pyreadline3.py3k_compat] ------------------------------

------------------------------ [modulecode_pyreadline3.rlmain] ------------------------------

------------------------------ [modulecode_pyreadline3.unicode_helper] ------------------------------

------------------------------ [modulecode_pythonnet] ------------------------------

------------------------------ [modulecode_readline] ------------------------------

------------------------------ [modulecode_requests.__version__] ------------------------------

------------------------------ [modulecode_requests._internal_utils] ------------------------------

------------------------------ [modulecode_requests.adapters] ------------------------------

------------------------------ [modulecode_requests.api] ------------------------------

------------------------------ [modulecode_requests.auth] ------------------------------

------------------------------ [modulecode_requests] ------------------------------

------------------------------ [modulecode_requests.certs] ------------------------------

------------------------------ [modulecode_requests.compat] ------------------------------

------------------------------ [modulecode_requests.cookies] ------------------------------

------------------------------ [modulecode_requests.exceptions] ------------------------------

------------------------------ [modulecode_requests.help] ------------------------------

------------------------------ [modulecode_requests.hooks] ------------------------------

------------------------------ [modulecode_requests.models] ------------------------------

------------------------------ [modulecode_requests.packages] ------------------------------

------------------------------ [modulecode_requests.sessions] ------------------------------

------------------------------ [modulecode_requests.status_codes] ------------------------------

------------------------------ [modulecode_requests.structures] ------------------------------

------------------------------ [modulecode_requests.utils] ------------------------------

------------------------------ [modulecode_s3transfer.bandwidth] ------------------------------

------------------------------ [modulecode_s3transfer] ------------------------------

------------------------------ [modulecode_s3transfer.compat] ------------------------------

------------------------------ [modulecode_s3transfer.constants] ------------------------------

------------------------------ [modulecode_s3transfer.copies] ------------------------------

------------------------------ [modulecode_s3transfer.crt] ------------------------------

------------------------------ [modulecode_s3transfer.delete] ------------------------------

------------------------------ [modulecode_s3transfer.download] ------------------------------

------------------------------ [modulecode_s3transfer.exceptions] ------------------------------

------------------------------ [modulecode_s3transfer.futures] ------------------------------

------------------------------ [modulecode_s3transfer.manager] ------------------------------

------------------------------ [modulecode_s3transfer.subscribers] ------------------------------

------------------------------ [modulecode_s3transfer.tasks] ------------------------------

------------------------------ [modulecode_s3transfer.upload] ------------------------------

------------------------------ [modulecode_s3transfer.utils] ------------------------------

------------------------------ [modulecode_six] ------------------------------

------------------------------ [modulecode_socks] ------------------------------

------------------------------ [modulecode_tkinter_preLoad] ------------------------------

------------------------------ [modulecode_typing_extensions] ------------------------------

------------------------------ [modulecode_urllib3._base_connection] ------------------------------

------------------------------ [modulecode_urllib3._collections] ------------------------------

------------------------------ [modulecode_urllib3._request_methods] ------------------------------

------------------------------ [modulecode_urllib3._version] ------------------------------

------------------------------ [modulecode_urllib3] ------------------------------

------------------------------ [modulecode_urllib3.connection] ------------------------------

------------------------------ [modulecode_urllib3.connectionpool] ------------------------------

------------------------------ [modulecode_urllib3.contrib] ------------------------------

------------------------------ [modulecode_urllib3.contrib.pyopenssl] ------------------------------

------------------------------ [modulecode_urllib3.contrib.socks] ------------------------------

------------------------------ [modulecode_urllib3.exceptions] ------------------------------

------------------------------ [modulecode_urllib3.fields] ------------------------------

------------------------------ [modulecode_urllib3.filepost] ------------------------------

------------------------------ [modulecode_urllib3.http2] ------------------------------

------------------------------ [modulecode_urllib3.http2.connection] ------------------------------

------------------------------ [modulecode_urllib3.http2.probe] ------------------------------

------------------------------ [modulecode_urllib3.poolmanager] ------------------------------

------------------------------ [modulecode_urllib3.response] ------------------------------

------------------------------ [modulecode_urllib3.util] ------------------------------

------------------------------ [modulecode_urllib3.util.connection] ------------------------------

------------------------------ [modulecode_urllib3.util.proxy] ------------------------------

------------------------------ [modulecode_urllib3.util.request] ------------------------------

------------------------------ [modulecode_urllib3.util.response] ------------------------------

------------------------------ [modulecode_urllib3.util.retry] ------------------------------

------------------------------ [modulecode_urllib3.util.ssl_] ------------------------------

------------------------------ [modulecode_urllib3.util.ssl_match_hostname] ------------------------------

------------------------------ [modulecode_urllib3.util.ssltransport] ------------------------------

------------------------------ [modulecode_urllib3.util.timeout] ------------------------------

------------------------------ [modulecode_urllib3.util.url] ------------------------------

------------------------------ [modulecode_urllib3.util.util] ------------------------------

------------------------------ [modulecode_urllib3.util.wait] ------------------------------

------------------------------ [modulecode_yarl._parse] ------------------------------

------------------------------ [modulecode_yarl._path] ------------------------------

------------------------------ [modulecode_yarl._query] ------------------------------

------------------------------ [modulecode_yarl._quoters] ------------------------------

------------------------------ [modulecode_yarl._quoting] ------------------------------

------------------------------ [modulecode_yarl._quoting_py] ------------------------------

------------------------------ [modulecode_yarl._url] ------------------------------

------------------------------ [modulecode_yarl] ------------------------------

------------------------------ [modulecode_zstandard.backend_cffi] ------------------------------

------------------------------ [modulecode_zstandard] ------------------------------

